<?xml version="1.0" encoding="UTF-8"?>
<testng-results ignored="0" total="1" passed="1" failed="0" skipped="0">
  <reporter-output>
  </reporter-output>
  <suite started-at="2021-02-16T20:25:08 BDT" name="Default suite" finished-at="2021-02-16T20:25:23 BDT" duration-ms="15421">
    <groups>
    </groups>
    <test started-at="2021-02-16T20:25:08 BDT" name="Default test" finished-at="2021-02-16T20:25:23 BDT" duration-ms="15421">
      <class name="com.selenium.demo.Shawpno">
        <test-method is-config="true" signature="setLocation()[pri:0, instance:com.selenium.demo.Shawpno@8458f04]" started-at="2021-02-16T20:24:48 BDT" name="setLocation" finished-at="2021-02-16T20:25:08 BDT" duration-ms="19891" status="PASS">
          <reporter-output>
          </reporter-output>
        </test-method> <!-- setLocation -->
        <test-method is-config="true" signature="findProduct()[pri:0, instance:com.selenium.demo.Shawpno@8458f04]" started-at="2021-02-16T20:25:08 BDT" name="findProduct" finished-at="2021-02-16T20:25:15 BDT" duration-ms="7352" status="PASS">
          <reporter-output>
          </reporter-output>
        </test-method> <!-- findProduct -->
        <test-method is-config="true" signature="loginModule()[pri:0, instance:com.selenium.demo.Shawpno@8458f04]" started-at="2021-02-16T20:25:15 BDT" name="loginModule" finished-at="2021-02-16T20:25:20 BDT" duration-ms="4709" status="PASS">
          <reporter-output>
          </reporter-output>
        </test-method> <!-- loginModule -->
        <test-method signature="addProduct()[pri:0, instance:com.selenium.demo.Shawpno@8458f04]" started-at="2021-02-16T20:25:20 BDT" name="addProduct" finished-at="2021-02-16T20:25:23 BDT" duration-ms="3081" status="PASS">
          <reporter-output>
          </reporter-output>
        </test-method> <!-- addProduct -->
        <test-method is-config="true" signature="viewCart()[pri:0, instance:com.selenium.demo.Shawpno@8458f04]" started-at="2021-02-16T20:25:24 BDT" name="viewCart" finished-at="2021-02-16T20:25:25 BDT" duration-ms="1127" status="FAIL">
          <exception class="org.openqa.selenium.WebDriverException">
            <message>
              <![CDATA[element click intercepted: Element <a href="/Cart.aspx" class="buttonlnk">...</a> is not clickable at point (1500, 77). Other element would receive the click: <div id="popup_overlay" style="position: absolute; z-index: 99998; top: 0px; left: 0px; width: 100%; height: 1660px; background: rgb(255, 255, 255); opacity: 0.01;"></div>
  (Session info: chrome=88.0.4324.150)
Build info: version: '3.4.0', revision: 'unknown', time: 'unknown'
System info: host: 'DESKTOP-AEI6VM2', ip: '192.168.0.6', os.name: 'Windows 10', os.arch: 'amd64', os.version: '10.0', java.version: '14.0.2'
Driver info: org.openqa.selenium.chrome.ChromeDriver
Capabilities [{networkConnectionEnabled=false, chrome={chromedriverVersion=88.0.4324.96 (68dba2d8a0b149a1d3afac56fa74648032bcf46b-refs/branch-heads/4324@{#1784}), userDataDir=C:\Users\DCL\AppData\Local\Temp\scoped_dir7948_1657564825}, timeouts={implicit=0.0, pageLoad=300000.0, script=30000.0}, pageLoadStrategy=normal, unhandledPromptBehavior=dismiss and notify, strictFileInteractability=false, platform=ANY, proxy=Proxy(), goog:chromeOptions={debuggerAddress=localhost:49946}, acceptInsecureCerts=false, browserVersion=88.0.4324.150, browserName=chrome, javascriptEnabled=true, platformName=windows, setWindowRect=true, webauthn:extension:largeBlob=true, webauthn:virtualAuthenticators=true}]
Session ID: 947a1686314090c0ac51fe23cfed4e02]]>
            </message>
            <full-stacktrace>
              <![CDATA[org.openqa.selenium.WebDriverException: element click intercepted: Element <a href="/Cart.aspx" class="buttonlnk">...</a> is not clickable at point (1500, 77). Other element would receive the click: <div id="popup_overlay" style="position: absolute; z-index: 99998; top: 0px; left: 0px; width: 100%; height: 1660px; background: rgb(255, 255, 255); opacity: 0.01;"></div>
  (Session info: chrome=88.0.4324.150)
Build info: version: '3.4.0', revision: 'unknown', time: 'unknown'
System info: host: 'DESKTOP-AEI6VM2', ip: '192.168.0.6', os.name: 'Windows 10', os.arch: 'amd64', os.version: '10.0', java.version: '14.0.2'
Driver info: org.openqa.selenium.chrome.ChromeDriver
Capabilities [{networkConnectionEnabled=false, chrome={chromedriverVersion=88.0.4324.96 (68dba2d8a0b149a1d3afac56fa74648032bcf46b-refs/branch-heads/4324@{#1784}), userDataDir=C:\Users\DCL\AppData\Local\Temp\scoped_dir7948_1657564825}, timeouts={implicit=0.0, pageLoad=300000.0, script=30000.0}, pageLoadStrategy=normal, unhandledPromptBehavior=dismiss and notify, strictFileInteractability=false, platform=ANY, proxy=Proxy(), goog:chromeOptions={debuggerAddress=localhost:49946}, acceptInsecureCerts=false, browserVersion=88.0.4324.150, browserName=chrome, javascriptEnabled=true, platformName=windows, setWindowRect=true, webauthn:extension:largeBlob=true, webauthn:virtualAuthenticators=true}]
Session ID: 947a1686314090c0ac51fe23cfed4e02
at java.base/jdk.internal.reflect.NativeConstructorAccessorImpl.newInstance0(Native Method)
at java.base/jdk.internal.reflect.NativeConstructorAccessorImpl.newInstance(NativeConstructorAccessorImpl.java:62)
at java.base/jdk.internal.reflect.DelegatingConstructorAccessorImpl.newInstance(DelegatingConstructorAccessorImpl.java:45)
at java.base/java.lang.reflect.Constructor.newInstanceWithCaller(Constructor.java:500)
at java.base/java.lang.reflect.Constructor.newInstance(Constructor.java:481)
at org.openqa.selenium.remote.http.W3CHttpResponseCodec.createException(W3CHttpResponseCodec.java:150)
at org.openqa.selenium.remote.http.W3CHttpResponseCodec.decode(W3CHttpResponseCodec.java:115)
at org.openqa.selenium.remote.http.W3CHttpResponseCodec.decode(W3CHttpResponseCodec.java:45)
at org.openqa.selenium.remote.HttpCommandExecutor.execute(HttpCommandExecutor.java:164)
at org.openqa.selenium.remote.service.DriverCommandExecutor.execute(DriverCommandExecutor.java:82)
at org.openqa.selenium.remote.RemoteWebDriver.execute(RemoteWebDriver.java:637)
at org.openqa.selenium.remote.RemoteWebElement.execute(RemoteWebElement.java:272)
at org.openqa.selenium.remote.RemoteWebElement.click(RemoteWebElement.java:82)
at com.selenium.demo.Shawpno.viewCart(Shawpno.java:83)
at java.base/jdk.internal.reflect.NativeMethodAccessorImpl.invoke0(Native Method)
at java.base/jdk.internal.reflect.NativeMethodAccessorImpl.invoke(NativeMethodAccessorImpl.java:62)
at java.base/jdk.internal.reflect.DelegatingMethodAccessorImpl.invoke(DelegatingMethodAccessorImpl.java:43)
at java.base/java.lang.reflect.Method.invoke(Method.java:564)
at org.testng.internal.MethodInvocationHelper.invokeMethod(MethodInvocationHelper.java:132)
at org.testng.internal.MethodInvocationHelper.invokeMethodConsideringTimeout(MethodInvocationHelper.java:61)
at org.testng.internal.ConfigInvoker.invokeConfigurationMethod(ConfigInvoker.java:366)
at org.testng.internal.ConfigInvoker.invokeConfigurations(ConfigInvoker.java:320)
at org.testng.SuiteRunner.privateRun(SuiteRunner.java:351)
at org.testng.SuiteRunner.run(SuiteRunner.java:286)
at org.testng.SuiteRunnerWorker.runSuite(SuiteRunnerWorker.java:53)
at org.testng.SuiteRunnerWorker.run(SuiteRunnerWorker.java:96)
at org.testng.TestNG.runSuitesSequentially(TestNG.java:1218)
at org.testng.TestNG.runSuitesLocally(TestNG.java:1140)
at org.testng.TestNG.runSuites(TestNG.java:1069)
at org.testng.TestNG.run(TestNG.java:1037)
at org.testng.remote.AbstractRemoteTestNG.run(AbstractRemoteTestNG.java:115)
at org.testng.remote.RemoteTestNG.initAndRun(RemoteTestNG.java:251)
at org.testng.remote.RemoteTestNG.main(RemoteTestNG.java:77)
]]>
            </full-stacktrace>
          </exception> <!-- org.openqa.selenium.WebDriverException -->
          <reporter-output>
          </reporter-output>
        </test-method> <!-- viewCart -->
      </class> <!-- com.selenium.demo.Shawpno -->
    </test> <!-- Default test -->
  </suite> <!-- Default suite -->
</testng-results>
